ShaheenFalcon2/app/build/outputs/logs/manifest-merger-release-report.txt
-- Merging decision tree log ---
manifest
ADDED from src/main/AndroidManifest.xml:2:1-113:12
INJECTED from src/main/AndroidManifest.xml:2:1-113:12
INJECTED from src/main/AndroidManifest.xml:2:1-113:12
INJECTED from src/main/AndroidManifest.xml:2:1-113:12
MERGED from [com.google.android.material:material:1.0.0] AndroidManifest.xml:17:1-24:12
MERGED from [androidx.appcompat:appcompat:1.0.2] AndroidManifest.xml:17:1-22:12
MERGED from [androidx.constraintlayout:constraintlayout:1.1.3] AndroidManifest.xml:2:1-11:12
MERGED from [androidx.legacy:legacy-support-v4:1.0.0] AndroidManifest.xml:17:1-22:12
MERGED from [androidx.tonyodev.fetch2:xfetch2:3.1.3] AndroidManifest.xml:2:1-29:12
MERGED from [:exoplayer-library-dash] AndroidManifest.xml:17:1-24:12
MERGED from [:exoplayer-library-hls] AndroidManifest.xml:17:1-24:12
MERGED from [:exoplayer-library-smoothstreaming] AndroidManifest.xml:17:1-24:12
MERGED from [:exoplayer-library-ui] AndroidManifest.xml:17:1-24:12
MERGED from [:exoplayer-library-core] AndroidManifest.xml:17:1-26:12
MERGED from [com.github.TorrentStream:TorrentStream-Android:2.6.1] AndroidManifest.xml:2:1-9:12
MERGED from [:j2v8-4.8.4] AndroidManifest.xml:2:1-12:12
MERGED from [androidx.recyclerview:recyclerview:1.1.0-alpha06] AndroidManifest.xml:17:1-24:12
MERGED from [androidx.room:room-runtime:2.1.0] AndroidManifest.xml:17:1-30:12
MERGED from [androidx.fragment:fragment:1.0.0] AndroidManifest.xml:17:1-22:12
MERGED from [androidx.vectordrawable:vectordrawable-animated:1.0.0] AndroidManifest.xml:17:1-22:12
MERGED from [androidx.legacy:legacy-support-core-ui:1.0.0] AndroidManifest.xml:17:1-22:12
MERGED from [androidx.legacy:legacy-support-core-utils:1.0.0] AndroidManifest.xml:17:1-22:12
MERGED from [androidx.vectordrawable:vectordrawable:1.0.1] AndroidManifest.xml:17:1-22:12
MERGED from [androidx.transition:transition:1.0.0] AndroidManifest.xml:17:1-22:12
MERGED from [androidx.media:media:1.0.0] AndroidManifest.xml:17:1-22:12
MERGED from [androidx.viewpager:viewpager:1.0.0] AndroidManifest.xml:17:1-22:12
MERGED from [androidx.coordinatorlayout:coordinatorlayout:1.0.0] AndroidManifest.xml:17:1-22:12
MERGED from [androidx.drawerlayout:drawerlayout:1.0.0] AndroidManifest.xml:17:1-22:12
MERGED from [androidx.slidingpanelayout:slidingpanelayout:1.0.0] AndroidManifest.xml:17:1-22:12
MERGED from [androidx.customview:customview:1.0.0] AndroidManifest.xml:17:1-22:12
MERGED from [androidx.loader:loader:1.0.0] AndroidManifest.xml:17:1-22:12
MERGED from [androidx.swiperefreshlayout:swiperefreshlayout:1.0.0] AndroidManifest.xml:17:1-22:12
MERGED from [androidx.asynclayoutinflater:asynclayoutinflater:1.0.0] AndroidManifest.xml:17:1-22:12
MERGED from [androidx.core:core:1.1.0-rc01] AndroidManifest.xml:17:1-26:12
MERGED from [androidx.versionedparcelable:versionedparcelable:1.1.0-rc01] AndroidManifest.xml:17:1-27:12
MERGED from [androidx.cursoradapter:cursoradapter:1.0.0] AndroidManifest.xml:17:1-22:12
MERGED from [androidx.cardview:cardview:1.0.0] AndroidManifest.xml:17:1-22:12
MERGED from [androidx.documentfile:documentfile:1.0.0] AndroidManifest.xml:17:1-22:12
MERGED from [androidx.localbroadcastmanager:localbroadcastmanager:1.0.0] AndroidManifest.xml:17:1-22:12
MERGED from [androidx.print:print:1.0.0] AndroidManifest.xml:17:1-22:12
MERGED from [androidx.lifecycle:lifecycle-viewmodel:2.0.0] AndroidManifest.xml:17:1-22:12
MERGED from [androidx.interpolator:interpolator:1.0.0] AndroidManifest.xml:17:1-22:12
MERGED from [androidx.sqlite:sqlite-framework:2.0.1] AndroidManifest.xml:17:1-22:12
MERGED from [androidx.sqlite:sqlite:2.0.1] AndroidManifest.xml:17:1-22:12
MERGED from [androidx.lifecycle:lifecycle-livedata:2.0.0] AndroidManifest.xml:17:1-22:12
MERGED from [androidx.lifecycle:lifecycle-livedata-core:2.0.0] AndroidManifest.xml:17:1-22:12
MERGED from [androidx.arch.core:core-runtime:2.0.1] AndroidManifest.xml:17:1-22:12
MERGED from [androidx.lifecycle:lifecycle-runtime:2.0.0] AndroidManifest.xml:17:1-22:12
MERGED from [androidx.tonyodev.fetch2core:xfetch2core:3.1.3] AndroidManifest.xml:2:1-14:12
INJECTED from src/main/AndroidManifest.xml:2:1-113:12
INJECTED from src/main/AndroidManifest.xml:2:1-113:12
INJECTED from src/main/AndroidManifest.xml:2:1-113:12
	package
		ADDED from src/main/AndroidManifest.xml:3:5-36
		INJECTED from src/main/AndroidManifest.xml
		INJECTED from src/main/AndroidManifest.xml
	android:versionName
		INJECTED from src/main/AndroidManifest.xml
		ADDED from src/main/AndroidManifest.xml:2:1-113:12
		INJECTED from src/main/AndroidManifest.xml
	android:versionCode
		INJECTED from src/main/AndroidManifest.xml
		ADDED from src/main/AndroidManifest.xml:2:1-113:12
		INJECTED from src/main/AndroidManifest.xml
	xmlns:android
		ADDED from src/main/AndroidManifest.xml:2:11-69
uses-permission#android.permission.INTERNET
ADDED from src/main/AndroidManifest.xml:5:5-67
MERGED from [androidx.tonyodev.fetch2:xfetch2:3.1.3] AndroidManifest.xml:11:5-67
MERGED from [androidx.tonyodev.fetch2:xfetch2:3.1.3] AndroidManifest.xml:11:5-67
	android:name
		ADDED from src/main/AndroidManifest.xml:5:22-64
uses-permission#android.permission.ACCESS_NETWORK_STATE
ADDED from src/main/AndroidManifest.xml:6:5-79
MERGED from [androidx.tonyodev.fetch2:xfetch2:3.1.3] AndroidManifest.xml:13:5-79
MERGED from [androidx.tonyodev.fetch2:xfetch2:3.1.3] AndroidManifest.xml:13:5-79
MERGED from [:exoplayer-library-core] AndroidManifest.xml:24:5-79
MERGED from [:exoplayer-library-core] AndroidManifest.xml:24:5-79
MERGED from [androidx.tonyodev.fetch2core:xfetch2core:3.1.3] AndroidManifest.xml:12:5-79
MERGED from [androidx.tonyodev.fetch2core:xfetch2core:3.1.3] AndroidManifest.xml:12:5-79
	android:name
		ADDED from src/main/AndroidManifest.xml:6:22-76
uses-permission#android.permission.READ_EXTERNAL_STORAGE
ADDED from src/main/AndroidManifest.xml:7:5-80
	android:name
		ADDED from src/main/AndroidManifest.xml:7:22-77
uses-permission#android.permission.WRITE_EXTERNAL_STORAGE
ADDED from src/main/AndroidManifest.xml:8:5-81
	android:name
		ADDED from src/main/AndroidManifest.xml:8:22-78
uses-permission#android.permission.RECEIVE_BOOT_COMPLETED
ADDED from src/main/AndroidManifest.xml:9:5-81
	android:name
		ADDED from src/main/AndroidManifest.xml:9:22-78
uses-permission#android.permission.FOREGROUND_SERVICE
ADDED from src/main/AndroidManifest.xml:10:5-77
	android:name
		ADDED from src/main/AndroidManifest.xml:10:22-74
application
ADDED from src/main/AndroidManifest.xml:12:5-111:19
MERGED from [com.google.android.material:material:1.0.0] AndroidManifest.xml:22:5-20
MERGED from [com.google.android.material:material:1.0.0] AndroidManifest.xml:22:5-20
MERGED from [androidx.constraintlayout:constraintlayout:1.1.3] AndroidManifest.xml:9:5-20
MERGED from [androidx.constraintlayout:constraintlayout:1.1.3] AndroidManifest.xml:9:5-20
MERGED from [androidx.tonyodev.fetch2:xfetch2:3.1.3] AndroidManifest.xml:15:5-27:19
MERGED from [androidx.tonyodev.fetch2:xfetch2:3.1.3] AndroidManifest.xml:15:5-27:19
MERGED from [:j2v8-4.8.4] AndroidManifest.xml:10:5-20
MERGED from [:j2v8-4.8.4] AndroidManifest.xml:10:5-20
MERGED from [androidx.room:room-runtime:2.1.0] AndroidManifest.xml:24:5-28:19
MERGED from [androidx.room:room-runtime:2.1.0] AndroidManifest.xml:24:5-28:19
MERGED from [androidx.core:core:1.1.0-rc01] AndroidManifest.xml:24:5-89
MERGED from [androidx.core:core:1.1.0-rc01] AndroidManifest.xml:24:5-89
MERGED from [androidx.versionedparcelable:versionedparcelable:1.1.0-rc01] AndroidManifest.xml:24:5-25:19
MERGED from [androidx.versionedparcelable:versionedparcelable:1.1.0-rc01] AndroidManifest.xml:24:5-25:19
	android:appComponentFactory
		ADDED from [androidx.core:core:1.1.0-rc01] AndroidManifest.xml:24:18-86
	android:supportsRtl
		ADDED from src/main/AndroidManifest.xml:18:9-35
	android:label
		ADDED from src/main/AndroidManifest.xml:16:9-41
	android:roundIcon
		ADDED from src/main/AndroidManifest.xml:17:9-54
	android:icon
		ADDED from src/main/AndroidManifest.xml:15:9-43
	android:allowBackup
		ADDED from src/main/AndroidManifest.xml:14:9-35
	android:theme
		ADDED from src/main/AndroidManifest.xml:20:9-40
	android:usesCleartextTraffic
		ADDED from src/main/AndroidManifest.xml:19:9-44
	android:name
		ADDED from src/main/AndroidManifest.xml:13:9-40
activity#com.sid.shaheenfalcon.DownloadManager
ADDED from src/main/AndroidManifest.xml:21:9-24:68
	android:label
		ADDED from src/main/AndroidManifest.xml:23:13-68
	android:theme
		ADDED from src/main/AndroidManifest.xml:24:13-56
	android:name
		ADDED from src/main/AndroidManifest.xml:22:13-44
service#com.sid.shaheenfalcon.DownloaderService
ADDED from src/main/AndroidManifest.xml:26:9-29:47
	android:enabled
		ADDED from src/main/AndroidManifest.xml:28:13-35
	android:exported
		ADDED from src/main/AndroidManifest.xml:29:13-36
	android:name
		ADDED from src/main/AndroidManifest.xml:27:13-46
activity#com.sid.shaheenfalcon.TorrentStreamActivity
ADDED from src/main/AndroidManifest.xml:31:9-59
	android:name
		ADDED from src/main/AndroidManifest.xml:31:19-56
activity#com.sid.shaheenfalcon.ExoPlayerActivity
ADDED from src/main/AndroidManifest.xml:32:9-55
	android:name
		ADDED from src/main/AndroidManifest.xml:32:19-52
activity#com.sid.shaheenfalcon.BasicVideoPlayer
ADDED from src/main/AndroidManifest.xml:33:9-37:59
	android:launchMode
		ADDED from src/main/AndroidManifest.xml:36:13-44
	android:configChanges
		ADDED from src/main/AndroidManifest.xml:35:13-59
	android:theme
		ADDED from src/main/AndroidManifest.xml:37:13-56
	android:name
		ADDED from src/main/AndroidManifest.xml:34:13-45
activity#com.sid.shaheenfalcon.ScriptRepo
ADDED from src/main/AndroidManifest.xml:38:9-41:59
	android:label
		ADDED from src/main/AndroidManifest.xml:40:13-63
	android:theme
		ADDED from src/main/AndroidManifest.xml:41:13-56
	android:name
		ADDED from src/main/AndroidManifest.xml:39:13-39
activity#com.sid.shaheenfalcon.Script
ADDED from src/main/AndroidManifest.xml:42:9-44
	android:name
		ADDED from src/main/AndroidManifest.xml:42:19-41
activity#com.sid.shaheenfalcon.MainActivity
ADDED from src/main/AndroidManifest.xml:43:9-53:20
	android:label
		ADDED from src/main/AndroidManifest.xml:46:13-45
	android:configChanges
		ADDED from src/main/AndroidManifest.xml:45:13-59
	android:theme
		ADDED from src/main/AndroidManifest.xml:47:13-56
	android:name
		ADDED from src/main/AndroidManifest.xml:44:13-41
intent-filter#action:name:android.intent.action.MAIN+category:name:android.intent.category.LAUNCHER
ADDED from src/main/AndroidManifest.xml:48:13-52:29
action#android.intent.action.MAIN
ADDED from src/main/AndroidManifest.xml:49:17-69
	android:name
		ADDED from src/main/AndroidManifest.xml:49:25-66
category#android.intent.category.LAUNCHER
ADDED from src/main/AndroidManifest.xml:51:17-77
	android:name
		ADDED from src/main/AndroidManifest.xml:51:27-74
activity#com.sid.shaheenfalcon.SampleChooserActivity
ADDED from src/main/AndroidManifest.xml:54:9-73:20
	android:label
		ADDED from src/main/AndroidManifest.xml:57:13-43
	android:configChanges
		ADDED from src/main/AndroidManifest.xml:56:13-51
	android:theme
		ADDED from src/main/AndroidManifest.xml:58:13-51
	android:name
		ADDED from src/main/AndroidManifest.xml:55:13-50
intent-filter#action:name:android.intent.action.VIEW+category:name:android.intent.category.BROWSABLE+category:name:android.intent.category.DEFAULT+data:host:*+data:pathPattern:.*\\.exolist\\.json+data:scheme:asset+data:scheme:content+data:scheme:file+data:scheme:http+data:scheme:https
ADDED from src/main/AndroidManifest.xml:59:13-72:29
action#android.intent.action.VIEW
ADDED from src/main/AndroidManifest.xml:60:17-69
	android:name
		ADDED from src/main/AndroidManifest.xml:60:25-66
category#android.intent.category.DEFAULT
ADDED from src/main/AndroidManifest.xml:62:17-76
	android:name
		ADDED from src/main/AndroidManifest.xml:62:27-73
category#android.intent.category.BROWSABLE
ADDED from src/main/AndroidManifest.xml:63:17-78
	android:name
		ADDED from src/main/AndroidManifest.xml:63:27-75
data
ADDED from src/main/AndroidManifest.xml:65:17-47
	android:host
		ADDED from src/main/AndroidManifest.xml:70:23-39
	android:scheme
		ADDED from src/main/AndroidManifest.xml:65:23-44
	android:pathPattern
		ADDED from src/main/AndroidManifest.xml:71:23-64
activity#com.sid.shaheenfalcon.PlayerActivity
ADDED from src/main/AndroidManifest.xml:74:9-96:20
	android:label
		ADDED from src/main/AndroidManifest.xml:77:13-43
	android:launchMode
		ADDED from src/main/AndroidManifest.xml:78:13-43
	android:configChanges
		ADDED from src/main/AndroidManifest.xml:76:13-122
	android:theme
		ADDED from src/main/AndroidManifest.xml:79:13-47
	android:name
		ADDED from src/main/AndroidManifest.xml:75:13-43
intent-filter#action:name:com.google.android.exoplayer.demo.action.VIEW+category:name:android.intent.category.DEFAULT+data:scheme:asset+data:scheme:content+data:scheme:file+data:scheme:http+data:scheme:https
ADDED from src/main/AndroidManifest.xml:80:13-90:29
action#com.google.android.exoplayer.demo.action.VIEW
ADDED from src/main/AndroidManifest.xml:81:17-88
	android:name
		ADDED from src/main/AndroidManifest.xml:81:25-85
intent-filter#action:name:com.google.android.exoplayer.demo.action.VIEW_LIST+category:name:android.intent.category.DEFAULT
ADDED from src/main/AndroidManifest.xml:91:13-95:29
action#com.google.android.exoplayer.demo.action.VIEW_LIST
ADDED from src/main/AndroidManifest.xml:92:17-93
	android:name
		ADDED from src/main/AndroidManifest.xml:92:25-90
service#com.sid.shaheenfalcon.DemoDownloadService
ADDED from src/main/AndroidManifest.xml:98:9-106:19
	android:exported
		ADDED from src/main/AndroidManifest.xml:100:13-37
	android:name
		ADDED from src/main/AndroidManifest.xml:99:13-48
intent-filter#action:name:com.google.android.exoplayer.downloadService.action.RESTART+category:name:android.intent.category.DEFAULT
ADDED from src/main/AndroidManifest.xml:101:13-105:29
action#com.google.android.exoplayer.downloadService.action.RESTART
ADDED from src/main/AndroidManifest.xml:102:17-102
	android:name
		ADDED from src/main/AndroidManifest.xml:102:25-99
service#com.google.android.exoplayer2.scheduler.PlatformScheduler$PlatformSchedulerService
ADDED from src/main/AndroidManifest.xml:107:9-110:72
	android:exported
		ADDED from src/main/AndroidManifest.xml:109:13-36
	android:permission
		ADDED from src/main/AndroidManifest.xml:110:13-69
	android:name
		ADDED from src/main/AndroidManifest.xml:108:13-110
uses-sdk
INJECTED from src/main/AndroidManifest.xml reason: use-sdk injection requested
INJECTED from src/main/AndroidManifest.xml
INJECTED from src/main/AndroidManifest.xml
MERGED from [com.google.android.material:material:1.0.0] AndroidManifest.xml:20:5-44
MERGED from [com.google.android.material:material:1.0.0] AndroidManifest.xml:20:5-44
MERGED from [androidx.appcompat:appcompat:1.0.2] AndroidManifest.xml:20:5-44
MERGED from [androidx.appcompat:appcompat:1.0.2] AndroidManifest.xml:20:5-44
MERGED from [androidx.constraintlayout:constraintlayout:1.1.3] AndroidManifest.xml:5:5-7:41
MERGED from [androidx.constraintlayout:constraintlayout:1.1.3] AndroidManifest.xml:5:5-7:41
MERGED from [androidx.legacy:legacy-support-v4:1.0.0] AndroidManifest.xml:20:5-44
MERGED from [androidx.legacy:legacy-support-v4:1.0.0] AndroidManifest.xml:20:5-44
MERGED from [androidx.tonyodev.fetch2:xfetch2:3.1.3] AndroidManifest.xml:7:5-9:41
MERGED from [androidx.tonyodev.fetch2:xfetch2:3.1.3] AndroidManifest.xml:7:5-9:41
MERGED from [:exoplayer-library-dash] AndroidManifest.xml:20:5-22:41
MERGED from [:exoplayer-library-dash] AndroidManifest.xml:20:5-22:41
MERGED from [:exoplayer-library-hls] AndroidManifest.xml:20:5-22:41
MERGED from [:exoplayer-library-hls] AndroidManifest.xml:20:5-22:41
MERGED from [:exoplayer-library-smoothstreaming] AndroidManifest.xml:20:5-22:41
MERGED from [:exoplayer-library-smoothstreaming] AndroidManifest.xml:20:5-22:41
MERGED from [:exoplayer-library-ui] AndroidManifest.xml:20:5-22:41
MERGED from [:exoplayer-library-ui] AndroidManifest.xml:20:5-22:41
MERGED from [:exoplayer-library-core] AndroidManifest.xml:20:5-22:41
MERGED from [:exoplayer-library-core] AndroidManifest.xml:20:5-22:41
MERGED from [com.github.TorrentStream:TorrentStream-Android:2.6.1] AndroidManifest.xml:5:5-7:41
MERGED from [com.github.TorrentStream:TorrentStream-Android:2.6.1] AndroidManifest.xml:5:5-7:41
MERGED from [:j2v8-4.8.4] AndroidManifest.xml:6:5-8:41
MERGED from [:j2v8-4.8.4] AndroidManifest.xml:6:5-8:41
MERGED from [androidx.recyclerview:recyclerview:1.1.0-alpha06] AndroidManifest.xml:20:5-22:41
MERGED from [androidx.recyclerview:recyclerview:1.1.0-alpha06] AndroidManifest.xml:20:5-22:41
MERGED from [androidx.room:room-runtime:2.1.0] AndroidManifest.xml:20:5-22:41
MERGED from [androidx.room:room-runtime:2.1.0] AndroidManifest.xml:20:5-22:41
MERGED from [androidx.fragment:fragment:1.0.0] AndroidManifest.xml:20:5-44
MERGED from [androidx.fragment:fragment:1.0.0] AndroidManifest.xml:20:5-44
MERGED from [androidx.vectordrawable:vectordrawable-animated:1.0.0] AndroidManifest.xml:20:5-44
MERGED from [androidx.vectordrawable:vectordrawable-animated:1.0.0] AndroidManifest.xml:20:5-44
MERGED from [androidx.legacy:legacy-support-core-ui:1.0.0] AndroidManifest.xml:20:5-44
MERGED from [androidx.legacy:legacy-support-core-ui:1.0.0] AndroidManifest.xml:20:5-44
MERGED from [androidx.legacy:legacy-support-core-utils:1.0.0] AndroidManifest.xml:20:5-44
MERGED from [androidx.legacy:legacy-support-core-utils:1.0.0] AndroidManifest.xml:20:5-44
MERGED from [androidx.vectordrawable:vectordrawable:1.0.1] AndroidManifest.xml:20:5-44
MERGED from [androidx.vectordrawable:vectordrawable:1.0.1] AndroidManifest.xml:20:5-44
MERGED from [androidx.transition:transition:1.0.0] AndroidManifest.xml:20:5-44
MERGED from [androidx.transition:transition:1.0.0] AndroidManifest.xml:20:5-44
MERGED from [androidx.media:media:1.0.0] AndroidManifest.xml:20:5-44
MERGED from [androidx.media:media:1.0.0] AndroidManifest.xml:20:5-44
MERGED from [androidx.viewpager:viewpager:1.0.0] AndroidManifest.xml:20:5-44
MERGED from [androidx.viewpager:viewpager:1.0.0] AndroidManifest.xml:20:5-44
MERGED from [androidx.coordinatorlayout:coordinatorlayout:1.0.0] AndroidManifest.xml:20:5-44
MERGED from [androidx.coordinatorlayout:coordinatorlayout:1.0.0] AndroidManifest.xml:20:5-44
MERGED from [androidx.drawerlayout:drawerlayout:1.0.0] AndroidManifest.xml:20:5-44
MERGED from [androidx.drawerlayout:drawerlayout:1.0.0] AndroidManifest.xml:20:5-44
MERGED from [androidx.slidingpanelayout:slidingpanelayout:1.0.0] AndroidManifest.xml:20:5-44
MERGED from [androidx.slidingpanelayout:slidingpanelayout:1.0.0] AndroidManifest.xml:20:5-44
MERGED from [androidx.customview:customview:1.0.0] AndroidManifest.xml:20:5-44
MERGED from [androidx.customview:customview:1.0.0] AndroidManifest.xml:20:5-44
MERGED from [androidx.loader:loader:1.0.0] AndroidManifest.xml:20:5-44
MERGED from [androidx.loader:loader:1.0.0] AndroidManifest.xml:20:5-44
MERGED from [androidx.swiperefreshlayout:swiperefreshlayout:1.0.0] AndroidManifest.xml:20:5-44
MERGED from [androidx.swiperefreshlayout:swiperefreshlayout:1.0.0] AndroidManifest.xml:20:5-44
MERGED from [androidx.asynclayoutinflater:asynclayoutinflater:1.0.0] AndroidManifest.xml:20:5-44
MERGED from [androidx.asynclayoutinflater:asynclayoutinflater:1.0.0] AndroidManifest.xml:20:5-44
MERGED from [androidx.core:core:1.1.0-rc01] AndroidManifest.xml:20:5-22:41
MERGED from [androidx.core:core:1.1.0-rc01] AndroidManifest.xml:20:5-22:41
MERGED from [androidx.versionedparcelable:versionedparcelable:1.1.0-rc01] AndroidManifest.xml:20:5-22:41
MERGED from [androidx.versionedparcelable:versionedparcelable:1.1.0-rc01] AndroidManifest.xml:20:5-22:41
MERGED from [androidx.cursoradapter:cursoradapter:1.0.0] AndroidManifest.xml:20:5-44
MERGED from [androidx.cursoradapter:cursoradapter:1.0.0] AndroidManifest.xml:20:5-44
MERGED from [androidx.cardview:cardview:1.0.0] AndroidManifest.xml:20:5-44
MERGED from [androidx.cardview:cardview:1.0.0] AndroidManifest.xml:20:5-44
MERGED from [androidx.documentfile:documentfile:1.0.0] AndroidManifest.xml:20:5-44
MERGED from [androidx.documentfile:documentfile:1.0.0] AndroidManifest.xml:20:5-44
MERGED from [androidx.localbroadcastmanager:localbroadcastmanager:1.0.0] AndroidManifest.xml:20:5-44
MERGED from [androidx.localbroadcastmanager:localbroadcastmanager:1.0.0] AndroidManifest.xml:20:5-44
MERGED from [androidx.print:print:1.0.0] AndroidManifest.xml:20:5-44
MERGED from [androidx.print:print:1.0.0] AndroidManifest.xml:20:5-44
MERGED from [androidx.lifecycle:lifecycle-viewmodel:2.0.0] AndroidManifest.xml:20:5-44
MERGED from [androidx.lifecycle:lifecycle-viewmodel:2.0.0] AndroidManifest.xml:20:5-44
MERGED from [androidx.interpolator:interpolator:1.0.0] AndroidManifest.xml:20:5-44
MERGED from [androidx.interpolator:interpolator:1.0.0] AndroidManifest.xml:20:5-44
MERGED from [androidx.sqlite:sqlite-framework:2.0.1] AndroidManifest.xml:20:5-44
MERGED from [androidx.sqlite:sqlite-framework:2.0.1] AndroidManifest.xml:20:5-44
MERGED from [androidx.sqlite:sqlite:2.0.1] AndroidManifest.xml:20:5-44
MERGED from [androidx.sqlite:sqlite:2.0.1] AndroidManifest.xml:20:5-44
MERGED from [androidx.lifecycle:lifecycle-livedata:2.0.0] AndroidManifest.xml:20:5-44
MERGED from [androidx.lifecycle:lifecycle-livedata:2.0.0] AndroidManifest.xml:20:5-44
MERGED from [androidx.lifecycle:lifecycle-livedata-core:2.0.0] AndroidManifest.xml:20:5-44
MERGED from [androidx.lifecycle:lifecycle-livedata-core:2.0.0] AndroidManifest.xml:20:5-44
MERGED from [androidx.arch.core:core-runtime:2.0.1] AndroidManifest.xml:20:5-44
MERGED from [androidx.arch.core:core-runtime:2.0.1] AndroidManifest.xml:20:5-44
MERGED from [androidx.lifecycle:lifecycle-runtime:2.0.0] AndroidManifest.xml:20:5-44
MERGED from [androidx.lifecycle:lifecycle-runtime:2.0.0] AndroidManifest.xml:20:5-44
MERGED from [androidx.tonyodev.fetch2core:xfetch2core:3.1.3] AndroidManifest.xml:7:5-9:41
MERGED from [androidx.tonyodev.fetch2core:xfetch2core:3.1.3] AndroidManifest.xml:7:5-9:41
INJECTED from src/main/AndroidManifest.xml
INJECTED from src/main/AndroidManifest.xml
	android:targetSdkVersion
		INJECTED from src/main/AndroidManifest.xml
		ADDED from src/main/AndroidManifest.xml
		INJECTED from src/main/AndroidManifest.xml
	android:minSdkVersion
		INJECTED from src/main/AndroidManifest.xml
		ADDED from src/main/AndroidManifest.xml
		INJECTED from src/main/AndroidManifest.xml
uses-permission#android.permission.ACCESS_WIFI_STATE
ADDED from [androidx.tonyodev.fetch2:xfetch2:3.1.3] AndroidManifest.xml:12:5-76
MERGED from [androidx.tonyodev.fetch2core:xfetch2core:3.1.3] AndroidManifest.xml:11:5-76
MERGED from [androidx.tonyodev.fetch2core:xfetch2core:3.1.3] AndroidManifest.xml:11:5-76
	android:name
		ADDED from [androidx.tonyodev.fetch2:xfetch2:3.1.3] AndroidManifest.xml:12:22-73
receiver#com.tonyodev.fetch2.FetchNotificationBroadcastReceiver
ADDED from [androidx.tonyodev.fetch2:xfetch2:3.1.3] AndroidManifest.xml:16:9-26:20
	android:enabled
		ADDED from [androidx.tonyodev.fetch2:xfetch2:3.1.3] AndroidManifest.xml:18:13-35
	android:exported
		ADDED from [androidx.tonyodev.fetch2:xfetch2:3.1.3] AndroidManifest.xml:19:13-37
	android:name
		ADDED from [androidx.tonyodev.fetch2:xfetch2:3.1.3] AndroidManifest.xml:17:13-82
intent-filter#action:name:com.tonyodev.fetch2.action.NOTIFICATION_ACTION+action:name:com.tonyodev.fetch2.action.NOTIFICATION_CHECK+category:name:android.intent.category.DEFAULT
ADDED from [androidx.tonyodev.fetch2:xfetch2:3.1.3] AndroidManifest.xml:20:13-25:29
action#com.tonyodev.fetch2.action.NOTIFICATION_ACTION
ADDED from [androidx.tonyodev.fetch2:xfetch2:3.1.3] AndroidManifest.xml:21:17-89
	android:name
		ADDED from [androidx.tonyodev.fetch2:xfetch2:3.1.3] AndroidManifest.xml:21:25-86
action#com.tonyodev.fetch2.action.NOTIFICATION_CHECK
ADDED from [androidx.tonyodev.fetch2:xfetch2:3.1.3] AndroidManifest.xml:22:17-88
	android:name
		ADDED from [androidx.tonyodev.fetch2:xfetch2:3.1.3] AndroidManifest.xml:22:25-85
service#androidx.room.MultiInstanceInvalidationService
ADDED from [androidx.room:room-runtime:2.1.0] AndroidManifest.xml:25:9-27:40
	android:exported
		ADDED from [androidx.room:room-runtime:2.1.0] AndroidManifest.xml:27:13-37
	android:name
		ADDED from [androidx.room:room-runtime:2.1.0] AndroidManifest.xml:26:13-74